# JRE version: Java(TM) SE Runtime Environment (8.0_181-b13) (build 1.8.0_181-b13)
# Java VM: Java HotSpot(TM) 64-Bit Server VM (25.181-b13 mixed mode windows-amd64 compressed oops)
Heap:
 PSYoungGen      total 169472K, used 119567K [0x000000076c380000, 0x0000000777b80000, 0x00000007c0000000)
  eden space 150528K, 70% used [0x000000076c380000,0x0000000772beadd8,0x0000000775680000)
  from space 18944K, 68% used [0x0000000776900000,0x00000007775a4c70,0x0000000777b80000)
  to   space 18944K, 0% used [0x0000000775680000,0x0000000775680000,0x0000000776900000)
 ParOldGen       total 208384K, used 25140K [0x00000006c4a00000, 0x00000006d1580000, 0x000000076c380000)
  object space 208384K, 12% used [0x00000006c4a00000,0x00000006c628d180,0x00000006d1580000)
 Metaspace       used 50019K, capacity 50572K, committed 51072K, reserved 1093632K
  class space    used 6462K, capacity 6739K, committed 6784K, reserved 1048576K
GC Heap History (10 events):
Event: 11.843 GC heap before
{Heap before GC invocations=6 (full 1):
 PSYoungGen      total 95232K, used 94839K [0x000000076c380000, 0x0000000775300000, 0x00000007c0000000)
  eden space 88064K, 100% used [0x000000076c380000,0x0000000771980000,0x0000000771980000)
  from space 7168K, 94% used [0x0000000774c00000,0x000000077529dca0,0x0000000775300000)
  to   space 10752K, 0% used [0x0000000773e00000,0x0000000773e00000,0x0000000774880000)
 ParOldGen       total 126976K, used 15661K [0x00000006c4a00000, 0x00000006cc600000, 0x000000076c380000)
  object space 126976K, 12% used [0x00000006c4a00000,0x00000006c594b4f8,0x00000006cc600000)
 Metaspace       used 27912K, capacity 28164K, committed 28416K, reserved 1073152K
  class space    used 3670K, capacity 3721K, committed 3840K, reserved 1048576K
Event: 11.857 GC heap after
Heap after GC invocations=6 (full 1):
 PSYoungGen      total 128512K, used 6996K [0x000000076c380000, 0x0000000775b80000, 0x00000007c0000000)
  eden space 117760K, 0% used [0x000000076c380000,0x000000076c380000,0x0000000773680000)
  from space 10752K, 65% used [0x0000000773e00000,0x00000007744d53b0,0x0000000774880000)
  to   space 18944K, 0% used [0x0000000774900000,0x0000000774900000,0x0000000775b80000)
 ParOldGen       total 126976K, used 15669K [0x00000006c4a00000, 0x00000006cc600000, 0x000000076c380000)
  object space 126976K, 12% used [0x00000006c4a00000,0x00000006c594d4f8,0x00000006cc600000)
 Metaspace       used 27912K, capacity 28164K, committed 28416K, reserved 1073152K
  class space    used 3670K, capacity 3721K, committed 3840K, reserved 1048576K
}
Event: 13.562 GC heap before
{Heap before GC invocations=7 (full 1):
 PSYoungGen      total 128512K, used 97566K [0x000000076c380000, 0x0000000775b80000, 0x00000007c0000000)
  eden space 117760K, 76% used [0x000000076c380000,0x0000000771bf2508,0x0000000773680000)
  from space 10752K, 65% used [0x0000000773e00000,0x00000007744d53b0,0x0000000774880000)
  to   space 18944K, 0% used [0x0000000774900000,0x0000000774900000,0x0000000775b80000)
 ParOldGen       total 126976K, used 15669K [0x00000006c4a00000, 0x00000006cc600000, 0x000000076c380000)
  object space 126976K, 12% used [0x00000006c4a00000,0x00000006c594d4f8,0x00000006cc600000)
 Metaspace       used 34923K, capacity 35188K, committed 35496K, reserved 1081344K
  class space    used 4511K, capacity 4597K, committed 4608K, reserved 1048576K
Event: 13.581 GC heap after
Heap after GC invocations=7 (full 1):
 PSYoungGen      total 136192K, used 13922K [0x000000076c380000, 0x0000000778380000, 0x00000007c0000000)
  eden space 117248K, 0% used [0x000000076c380000,0x000000076c380000,0x0000000773600000)
  from space 18944K, 73% used [0x0000000774900000,0x0000000775698ae0,0x0000000775b80000)
  to   space 19456K, 0% used [0x0000000773600000,0x0000000773600000,0x0000000774900000)
 ParOldGen       total 126976K, used 15677K [0x00000006c4a00000, 0x00000006cc600000, 0x000000076c380000)
  object space 126976K, 12% used [0x00000006c4a00000,0x00000006c594f4f8,0x00000006cc600000)
 Metaspace       used 34923K, capacity 35188K, committed 35496K, reserved 1081344K
  class space    used 4511K, capacity 4597K, committed 4608K, reserved 1048576K
}
Event: 13.581 GC heap before
{Heap before GC invocations=8 (full 2):
 PSYoungGen      total 136192K, used 13922K [0x000000076c380000, 0x0000000778380000, 0x00000007c0000000)
  eden space 117248K, 0% used [0x000000076c380000,0x000000076c380000,0x0000000773600000)
  from space 18944K, 73% used [0x0000000774900000,0x0000000775698ae0,0x0000000775b80000)
  to   space 19456K, 0% used [0x0000000773600000,0x0000000773600000,0x0000000774900000)
 ParOldGen       total 126976K, used 15677K [0x00000006c4a00000, 0x00000006cc600000, 0x000000076c380000)
  object space 126976K, 12% used [0x00000006c4a00000,0x00000006c594f4f8,0x00000006cc600000)
 Metaspace       used 34923K, capacity 35188K, committed 35496K, reserved 1081344K
  class space    used 4511K, capacity 4597K, committed 4608K, reserved 1048576K
Event: 13.739 GC heap after
Heap after GC invocations=8 (full 2):
 PSYoungGen      total 136192K, used 0K [0x000000076c380000, 0x0000000778380000, 0x00000007c0000000)
  eden space 117248K, 0% used [0x000000076c380000,0x000000076c380000,0x0000000773600000)
  from space 18944K, 0% used [0x0000000774900000,0x0000000774900000,0x0000000775b80000)
  to   space 19456K, 0% used [0x0000000773600000,0x0000000773600000,0x0000000774900000)
 ParOldGen       total 208384K, used 25132K [0x00000006c4a00000, 0x00000006d1580000, 0x000000076c380000)
  object space 208384K, 12% used [0x00000006c4a00000,0x00000006c628b180,0x00000006d1580000)
 Metaspace       used 34908K, capacity 35142K, committed 35496K, reserved 1081344K
  class space    used 4507K, capacity 4563K, committed 4608K, reserved 1048576K
}
Event: 16.007 GC heap before
{Heap before GC invocations=9 (full 2):
 PSYoungGen      total 136192K, used 117248K [0x000000076c380000, 0x0000000778380000, 0x00000007c0000000)
  eden space 117248K, 100% used [0x000000076c380000,0x0000000773600000,0x0000000773600000)
  from space 18944K, 0% used [0x0000000774900000,0x0000000774900000,0x0000000775b80000)
  to   space 19456K, 0% used [0x0000000773600000,0x0000000773600000,0x0000000774900000)
 ParOldGen       total 208384K, used 25132K [0x00000006c4a00000, 0x00000006d1580000, 0x000000076c380000)
  object space 208384K, 12% used [0x00000006c4a00000,0x00000006c628b180,0x00000006d1580000)
 Metaspace       used 40006K, capacity 40442K, committed 40832K, reserved 1085440K
  class space    used 5161K, capacity 5387K, committed 5504K, reserved 1048576K
Event: 16.020 GC heap after
Heap after GC invocations=9 (full 2):
 PSYoungGen      total 136704K, used 6972K [0x000000076c380000, 0x0000000777b80000, 0x00000007c0000000)
  eden space 117248K, 0% used [0x000000076c380000,0x000000076c380000,0x0000000773600000)
  from space 19456K, 35% used [0x0000000773600000,0x0000000773ccf038,0x0000000774900000)
  to   space 18944K, 0% used [0x0000000776900000,0x0000000776900000,0x0000000777b80000)
 ParOldGen       total 208384K, used 25132K [0x00000006c4a00000, 0x00000006d1580000, 0x000000076c380000)
  object space 208384K, 12% used [0x00000006c4a00000,0x00000006c628b180,0x00000006d1580000)
 Metaspace       used 40006K, capacity 40442K, committed 40832K, reserved 1085440K
  class space    used 5161K, capacity 5387K, committed 5504K, reserved 1048576K
}
Event: 18.386 GC heap before
{Heap before GC invocations=10 (full 2):
 PSYoungGen      total 136704K, used 121774K [0x000000076c380000, 0x0000000777b80000, 0x00000007c0000000)
  eden space 117248K, 97% used [0x000000076c380000,0x000000077339ca50,0x0000000773600000)
  from space 19456K, 35% used [0x0000000773600000,0x0000000773ccf038,0x0000000774900000)
  to   space 18944K, 0% used [0x0000000776900000,0x0000000776900000,0x0000000777b80000)
 ParOldGen       total 208384K, used 25132K [0x00000006c4a00000, 0x00000006d1580000, 0x000000076c380000)
  object space 208384K, 12% used [0x00000006c4a00000,0x00000006c628b180,0x00000006d1580000)
 Metaspace       used 46791K, capacity 47304K, committed 47872K, reserved 1091584K
  class space    used 6052K, capacity 6317K, committed 6400K, reserved 1048576K
Event: 18.408 GC heap after
Heap after GC invocations=10 (full 2):
 PSYoungGen      total 169472K, used 12947K [0x000000076c380000, 0x0000000777b80000, 0x00000007c0000000)
  eden space 150528K, 0% used [0x000000076c380000,0x000000076c380000,0x0000000775680000)
  from space 18944K, 68% used [0x0000000776900000,0x00000007775a4c70,0x0000000777b80000)
  to   space 18944K, 0% used [0x0000000775680000,0x0000000775680000,0x0000000776900000)
 ParOldGen       total 208384K, used 25140K [0x00000006c4a00000, 0x00000006d1580000, 0x000000076c380000)
  object space 208384K, 12% used [0x00000006c4a00000,0x00000006c628d180,0x00000006d1580000)
 Metaspace       used 46791K, capacity 47304K, committed 47872K, reserved 1091584K
  class space    used 6052K, capacity 6317K, committed 6400K, reserved 1048576K
}

